<?xml version="1.0" encoding="UTF-8" ?>
<testsuite tests="2" failures="0" name="com.esai.vendingmachine.service.VendingMachineServiceLayerImplTest" time="0" errors="0" skipped="0">
  <properties>
[...]
</properties>
  <testcase classname="com.esai.vendingmachine.service.VendingMachineServiceLayerImplTest" name="com.esai.vendingmachine.service.VendingMachineServiceLayerImplTest.testCalculatePurchase" time="0"/>
  <testcase classname="com.esai.vendingmachine.service.VendingMachineServiceLayerImplTest" name="com.esai.vendingmachine.service.VendingMachineServiceLayerImplTest.testGetProductList" time="0"/>
</testsuite>